<?xml version="1.0" encoding="UTF-8"?><testsuite name="nosetests" tests="1" errors="1" failures="0" skip="0"><testcase classname="test_scripts.landing_on_pricing_page_test.TestNavBarPricingLink" name="test_pricing_link" time="0.000"><error type="exceptions.AttributeError" message="TestNavBarPricingLink instance has no attribute 'find_element'"><![CDATA[Traceback (most recent call last):
  File "/System/Library/Frameworks/Python.framework/Versions/2.7/lib/python2.7/unittest/case.py", line 329, in run
    testMethod()
  File "/Library/Python/2.7/site-packages/nose/case.py", line 197, in runTest
    self.test(*self.arg)
  File "/Users/liliya/Blue Apron/LiliyasSeleniumExercise/test_scripts/landing_on_pricing_page_test.py", line 16, in test_pricing_link
    home_page.click_pricing_in_header()
  File "/Users/liliya/Blue Apron/LiliyasSeleniumExercise/pages/home_page.py", line 16, in click_pricing_in_header
    self.driver.find_element(*HomePageLocators.PRICING_IN_HEADER).click()
AttributeError: TestNavBarPricingLink instance has no attribute 'find_element'
]]></error></testcase></testsuite>